Warning 503: run_sta.tcl line 1, report_checks -group_count is deprecated. Use -group_path_count instead.
Startpoint: rst (input port clocked by clk)
Endpoint: id_top/_11478_ (recovery check against rising-edge clock clk')
Path Group: asynchronous
Path Type: max

  Delay    Time   Description
---------------------------------------------------------
   0.00    0.00   clock clk (rise edge)
   0.00    0.00   clock network delay (ideal)
   2.00    2.00 v input external delay
   0.00    2.00 v rst (in)
   0.02    2.02 ^ id_top/_09489_/Y (CLKINVX4)
   0.00    2.02 ^ id_top/_11478_/SN (DFFSX4)
           2.02   data arrival time

   5.00    5.00   clock clk' (rise edge)
   0.00    5.00   clock network delay (ideal)
  -0.15    4.85   clock uncertainty
   0.00    4.85   clock reconvergence pessimism
           4.85 ^ id_top/_11478_/CK (DFFSX4)
   0.29    5.14   library recovery time
           5.14   data required time
---------------------------------------------------------
           5.14   data required time
          -2.02   data arrival time
---------------------------------------------------------
           3.11   slack (MET)


Startpoint: rst (input port clocked by clk)
Endpoint: id_top/_11479_ (recovery check against rising-edge clock clk')
Path Group: asynchronous
Path Type: max

  Delay    Time   Description
---------------------------------------------------------
   0.00    0.00   clock clk (rise edge)
   0.00    0.00   clock network delay (ideal)
   2.00    2.00 v input external delay
   0.00    2.00 v rst (in)
   0.02    2.02 ^ id_top/_09490_/Y (CLKINVX4)
   0.00    2.02 ^ id_top/_11479_/SN (DFFSX4)
           2.02   data arrival time

   5.00    5.00   clock clk' (rise edge)
   0.00    5.00   clock network delay (ideal)
  -0.15    4.85   clock uncertainty
   0.00    4.85   clock reconvergence pessimism
           4.85 ^ id_top/_11479_/CK (DFFSX4)
   0.29    5.14   library recovery time
           5.14   data required time
---------------------------------------------------------
           5.14   data required time
          -2.02   data arrival time
---------------------------------------------------------
           3.11   slack (MET)


Startpoint: rst (input port clocked by clk)
Endpoint: id_top/_11480_ (recovery check against rising-edge clock clk')
Path Group: asynchronous
Path Type: max

  Delay    Time   Description
---------------------------------------------------------
   0.00    0.00   clock clk (rise edge)
   0.00    0.00   clock network delay (ideal)
   2.00    2.00 v input external delay
   0.00    2.00 v rst (in)
   0.02    2.02 ^ id_top/_09491_/Y (CLKINVX4)
   0.00    2.02 ^ id_top/_11480_/SN (DFFSX4)
           2.02   data arrival time

   5.00    5.00   clock clk' (rise edge)
   0.00    5.00   clock network delay (ideal)
  -0.15    4.85   clock uncertainty
   0.00    4.85   clock reconvergence pessimism
           4.85 ^ id_top/_11480_/CK (DFFSX4)
   0.29    5.14   library recovery time
           5.14   data required time
---------------------------------------------------------
           5.14   data required time
          -2.02   data arrival time
---------------------------------------------------------
           3.11   slack (MET)


Startpoint: rst (input port clocked by clk)
Endpoint: id_top/_11481_ (recovery check against rising-edge clock clk')
Path Group: asynchronous
Path Type: max

  Delay    Time   Description
---------------------------------------------------------
   0.00    0.00   clock clk (rise edge)
   0.00    0.00   clock network delay (ideal)
   2.00    2.00 v input external delay
   0.00    2.00 v rst (in)
   0.02    2.02 ^ id_top/_09492_/Y (CLKINVX4)
   0.00    2.02 ^ id_top/_11481_/SN (DFFSX4)
           2.02   data arrival time

   5.00    5.00   clock clk' (rise edge)
   0.00    5.00   clock network delay (ideal)
  -0.15    4.85   clock uncertainty
   0.00    4.85   clock reconvergence pessimism
           4.85 ^ id_top/_11481_/CK (DFFSX4)
   0.29    5.14   library recovery time
           5.14   data required time
---------------------------------------------------------
           5.14   data required time
          -2.02   data arrival time
---------------------------------------------------------
           3.11   slack (MET)


Startpoint: rst (input port clocked by clk)
Endpoint: id_top/_11482_ (recovery check against rising-edge clock clk')
Path Group: asynchronous
Path Type: max

  Delay    Time   Description
---------------------------------------------------------
   0.00    0.00   clock clk (rise edge)
   0.00    0.00   clock network delay (ideal)
   2.00    2.00 v input external delay
   0.00    2.00 v rst (in)
   0.02    2.02 ^ id_top/_09493_/Y (CLKINVX4)
   0.00    2.02 ^ id_top/_11482_/SN (DFFSX4)
           2.02   data arrival time

   5.00    5.00   clock clk' (rise edge)
   0.00    5.00   clock network delay (ideal)
  -0.15    4.85   clock uncertainty
   0.00    4.85   clock reconvergence pessimism
           4.85 ^ id_top/_11482_/CK (DFFSX4)
   0.29    5.14   library recovery time
           5.14   data required time
---------------------------------------------------------
           5.14   data required time
          -2.02   data arrival time
---------------------------------------------------------
           3.11   slack (MET)


Startpoint: rst (input port clocked by clk)
Endpoint: id_top/_11511_ (recovery check against rising-edge clock clk')
Path Group: asynchronous
Path Type: max

  Delay    Time   Description
---------------------------------------------------------
   0.00    0.00   clock clk (rise edge)
   0.00    0.00   clock network delay (ideal)
   2.00    2.00 v input external delay
   0.00    2.00 v rst (in)
   0.02    2.02 ^ id_top/_09522_/Y (CLKINVX4)
   0.00    2.02 ^ id_top/_11511_/SN (DFFSX4)
           2.02   data arrival time

   5.00    5.00   clock clk' (rise edge)
   0.00    5.00   clock network delay (ideal)
  -0.15    4.85   clock uncertainty
   0.00    4.85   clock reconvergence pessimism
           4.85 ^ id_top/_11511_/CK (DFFSX4)
   0.29    5.14   library recovery time
           5.14   data required time
---------------------------------------------------------
           5.14   data required time
          -2.02   data arrival time
---------------------------------------------------------
           3.11   slack (MET)


Startpoint: rst (input port clocked by clk)
Endpoint: id_top/_11512_ (recovery check against rising-edge clock clk')
Path Group: asynchronous
Path Type: max

  Delay    Time   Description
---------------------------------------------------------
   0.00    0.00   clock clk (rise edge)
   0.00    0.00   clock network delay (ideal)
   2.00    2.00 v input external delay
   0.00    2.00 v rst (in)
   0.02    2.02 ^ id_top/_09523_/Y (CLKINVX4)
   0.00    2.02 ^ id_top/_11512_/SN (DFFSX4)
           2.02   data arrival time

   5.00    5.00   clock clk' (rise edge)
   0.00    5.00   clock network delay (ideal)
  -0.15    4.85   clock uncertainty
   0.00    4.85   clock reconvergence pessimism
           4.85 ^ id_top/_11512_/CK (DFFSX4)
   0.29    5.14   library recovery time
           5.14   data required time
---------------------------------------------------------
           5.14   data required time
          -2.02   data arrival time
---------------------------------------------------------
           3.11   slack (MET)


Startpoint: rst (input port clocked by clk)
Endpoint: id_top/_11513_ (recovery check against rising-edge clock clk')
Path Group: asynchronous
Path Type: max

  Delay    Time   Description
---------------------------------------------------------
   0.00    0.00   clock clk (rise edge)
   0.00    0.00   clock network delay (ideal)
   2.00    2.00 v input external delay
   0.00    2.00 v rst (in)
   0.02    2.02 ^ id_top/_09524_/Y (CLKINVX4)
   0.00    2.02 ^ id_top/_11513_/SN (DFFSX4)
           2.02   data arrival time

   5.00    5.00   clock clk' (rise edge)
   0.00    5.00   clock network delay (ideal)
  -0.15    4.85   clock uncertainty
   0.00    4.85   clock reconvergence pessimism
           4.85 ^ id_top/_11513_/CK (DFFSX4)
   0.29    5.14   library recovery time
           5.14   data required time
---------------------------------------------------------
           5.14   data required time
          -2.02   data arrival time
---------------------------------------------------------
           3.11   slack (MET)


Startpoint: rst (input port clocked by clk)
Endpoint: id_top/_11514_ (recovery check against rising-edge clock clk')
Path Group: asynchronous
Path Type: max

  Delay    Time   Description
---------------------------------------------------------
   0.00    0.00   clock clk (rise edge)
   0.00    0.00   clock network delay (ideal)
   2.00    2.00 v input external delay
   0.00    2.00 v rst (in)
   0.02    2.02 ^ id_top/_09525_/Y (CLKINVX4)
   0.00    2.02 ^ id_top/_11514_/SN (DFFSX4)
           2.02   data arrival time

   5.00    5.00   clock clk' (rise edge)
   0.00    5.00   clock network delay (ideal)
  -0.15    4.85   clock uncertainty
   0.00    4.85   clock reconvergence pessimism
           4.85 ^ id_top/_11514_/CK (DFFSX4)
   0.29    5.14   library recovery time
           5.14   data required time
---------------------------------------------------------
           5.14   data required time
          -2.02   data arrival time
---------------------------------------------------------
           3.11   slack (MET)


Startpoint: rst (input port clocked by clk)
Endpoint: id_top/_11542_ (recovery check against rising-edge clock clk')
Path Group: asynchronous
Path Type: max

  Delay    Time   Description
---------------------------------------------------------
   0.00    0.00   clock clk (rise edge)
   0.00    0.00   clock network delay (ideal)
   2.00    2.00 v input external delay
   0.00    2.00 v rst (in)
   0.02    2.02 ^ id_top/_09553_/Y (CLKINVX4)
   0.00    2.02 ^ id_top/_11542_/SN (DFFSX4)
           2.02   data arrival time

   5.00    5.00   clock clk' (rise edge)
   0.00    5.00   clock network delay (ideal)
  -0.15    4.85   clock uncertainty
   0.00    4.85   clock reconvergence pessimism
           4.85 ^ id_top/_11542_/CK (DFFSX4)
   0.29    5.14   library recovery time
           5.14   data required time
---------------------------------------------------------
           5.14   data required time
          -2.02   data arrival time
---------------------------------------------------------
           3.11   slack (MET)


Startpoint: _1214_ (rising edge-triggered flip-flop clocked by clk)
Endpoint: id_top/_12150_ (rising edge-triggered flip-flop clocked by clk')
Path Group: clk
Path Type: max

  Delay    Time   Description
---------------------------------------------------------
   0.00    0.00   clock clk (rise edge)
   0.00    0.00   clock network delay (ideal)
   0.00    0.00 ^ _1214_/CK (DFFRX4)
   1.32    1.32 ^ _1214_/Q (DFFRX4)
   0.25    1.57 v id_top/_06598_/Y (CLKINVX4)
   2.41    3.98 ^ id_top/_07007_/Y (NOR3X4)
   0.82    4.79 v id_top/_07008_/Y (CLKINVX4)
   0.98    5.78 ^ id_top/_07679_/Y (NOR3X4)
   0.60    6.38 ^ id_top/_07680_/Y (CLKMX2X2)
   0.00    6.38 ^ id_top/_12150_/D (DFFRX4)
           6.38   data arrival time

   5.00    5.00   clock clk' (rise edge)
   0.00    5.00   clock network delay (ideal)
  -0.15    4.85   clock uncertainty
   0.00    4.85   clock reconvergence pessimism
           4.85 ^ id_top/_12150_/CK (DFFRX4)
   0.03    4.88   library setup time
           4.88   data required time
---------------------------------------------------------
           4.88   data required time
          -6.38   data arrival time
---------------------------------------------------------
          -1.50   slack (VIOLATED)


Startpoint: _1214_ (rising edge-triggered flip-flop clocked by clk)
Endpoint: id_top/_12152_ (rising edge-triggered flip-flop clocked by clk')
Path Group: clk
Path Type: max

  Delay    Time   Description
---------------------------------------------------------
   0.00    0.00   clock clk (rise edge)
   0.00    0.00   clock network delay (ideal)
   0.00    0.00 ^ _1214_/CK (DFFRX4)
   1.32    1.32 ^ _1214_/Q (DFFRX4)
   0.25    1.57 v id_top/_06598_/Y (CLKINVX4)
   2.41    3.98 ^ id_top/_07007_/Y (NOR3X4)
   0.82    4.79 v id_top/_07008_/Y (CLKINVX4)
   0.98    5.78 ^ id_top/_07679_/Y (NOR3X4)
   0.60    6.38 ^ id_top/_07682_/Y (CLKMX2X2)
   0.00    6.38 ^ id_top/_12152_/D (DFFRX4)
           6.38   data arrival time

   5.00    5.00   clock clk' (rise edge)
   0.00    5.00   clock network delay (ideal)
  -0.15    4.85   clock uncertainty
   0.00    4.85   clock reconvergence pessimism
           4.85 ^ id_top/_12152_/CK (DFFRX4)
   0.03    4.88   library setup time
           4.88   data required time
---------------------------------------------------------
           4.88   data required time
          -6.38   data arrival time
---------------------------------------------------------
          -1.50   slack (VIOLATED)


Startpoint: _1214_ (rising edge-triggered flip-flop clocked by clk)
Endpoint: id_top/_12154_ (rising edge-triggered flip-flop clocked by clk')
Path Group: clk
Path Type: max

  Delay    Time   Description
---------------------------------------------------------
   0.00    0.00   clock clk (rise edge)
   0.00    0.00   clock network delay (ideal)
   0.00    0.00 ^ _1214_/CK (DFFRX4)
   1.32    1.32 ^ _1214_/Q (DFFRX4)
   0.25    1.57 v id_top/_06598_/Y (CLKINVX4)
   2.41    3.98 ^ id_top/_07007_/Y (NOR3X4)
   0.82    4.79 v id_top/_07008_/Y (CLKINVX4)
   0.98    5.78 ^ id_top/_07679_/Y (NOR3X4)
   0.60    6.38 ^ id_top/_07684_/Y (CLKMX2X2)
   0.00    6.38 ^ id_top/_12154_/D (DFFRX4)
           6.38   data arrival time

   5.00    5.00   clock clk' (rise edge)
   0.00    5.00   clock network delay (ideal)
  -0.15    4.85   clock uncertainty
   0.00    4.85   clock reconvergence pessimism
           4.85 ^ id_top/_12154_/CK (DFFRX4)
   0.03    4.88   library setup time
           4.88   data required time
---------------------------------------------------------
           4.88   data required time
          -6.38   data arrival time
---------------------------------------------------------
          -1.50   slack (VIOLATED)


Startpoint: _1214_ (rising edge-triggered flip-flop clocked by clk)
Endpoint: id_top/_12155_ (rising edge-triggered flip-flop clocked by clk')
Path Group: clk
Path Type: max

  Delay    Time   Description
---------------------------------------------------------
   0.00    0.00   clock clk (rise edge)
   0.00    0.00   clock network delay (ideal)
   0.00    0.00 ^ _1214_/CK (DFFRX4)
   1.32    1.32 ^ _1214_/Q (DFFRX4)
   0.25    1.57 v id_top/_06598_/Y (CLKINVX4)
   2.41    3.98 ^ id_top/_07007_/Y (NOR3X4)
   0.82    4.79 v id_top/_07008_/Y (CLKINVX4)
   0.98    5.78 ^ id_top/_07679_/Y (NOR3X4)
   0.60    6.38 ^ id_top/_07685_/Y (CLKMX2X2)
   0.00    6.38 ^ id_top/_12155_/D (DFFRX4)
           6.38   data arrival time

   5.00    5.00   clock clk' (rise edge)
   0.00    5.00   clock network delay (ideal)
  -0.15    4.85   clock uncertainty
   0.00    4.85   clock reconvergence pessimism
           4.85 ^ id_top/_12155_/CK (DFFRX4)
   0.03    4.88   library setup time
           4.88   data required time
---------------------------------------------------------
           4.88   data required time
          -6.38   data arrival time
---------------------------------------------------------
          -1.50   slack (VIOLATED)


Startpoint: _1214_ (rising edge-triggered flip-flop clocked by clk)
Endpoint: id_top/_12156_ (rising edge-triggered flip-flop clocked by clk')
Path Group: clk
Path Type: max

  Delay    Time   Description
---------------------------------------------------------
   0.00    0.00   clock clk (rise edge)
   0.00    0.00   clock network delay (ideal)
   0.00    0.00 ^ _1214_/CK (DFFRX4)
   1.32    1.32 ^ _1214_/Q (DFFRX4)
   0.25    1.57 v id_top/_06598_/Y (CLKINVX4)
   2.41    3.98 ^ id_top/_07007_/Y (NOR3X4)
   0.82    4.79 v id_top/_07008_/Y (CLKINVX4)
   0.98    5.78 ^ id_top/_07679_/Y (NOR3X4)
   0.60    6.38 ^ id_top/_07686_/Y (CLKMX2X2)
   0.00    6.38 ^ id_top/_12156_/D (DFFRX4)
           6.38   data arrival time

   5.00    5.00   clock clk' (rise edge)
   0.00    5.00   clock network delay (ideal)
  -0.15    4.85   clock uncertainty
   0.00    4.85   clock reconvergence pessimism
           4.85 ^ id_top/_12156_/CK (DFFRX4)
   0.03    4.88   library setup time
           4.88   data required time
---------------------------------------------------------
           4.88   data required time
          -6.38   data arrival time
---------------------------------------------------------
          -1.50   slack (VIOLATED)


Startpoint: _1214_ (rising edge-triggered flip-flop clocked by clk)
Endpoint: id_top/_12157_ (rising edge-triggered flip-flop clocked by clk')
Path Group: clk
Path Type: max

  Delay    Time   Description
---------------------------------------------------------
   0.00    0.00   clock clk (rise edge)
   0.00    0.00   clock network delay (ideal)
   0.00    0.00 ^ _1214_/CK (DFFRX4)
   1.32    1.32 ^ _1214_/Q (DFFRX4)
   0.25    1.57 v id_top/_06598_/Y (CLKINVX4)
   2.41    3.98 ^ id_top/_07007_/Y (NOR3X4)
   0.82    4.79 v id_top/_07008_/Y (CLKINVX4)
   0.98    5.78 ^ id_top/_07679_/Y (NOR3X4)
   0.60    6.38 ^ id_top/_07687_/Y (CLKMX2X2)
   0.00    6.38 ^ id_top/_12157_/D (DFFRX4)
           6.38   data arrival time

   5.00    5.00   clock clk' (rise edge)
   0.00    5.00   clock network delay (ideal)
  -0.15    4.85   clock uncertainty
   0.00    4.85   clock reconvergence pessimism
           4.85 ^ id_top/_12157_/CK (DFFRX4)
   0.03    4.88   library setup time
           4.88   data required time
---------------------------------------------------------
           4.88   data required time
          -6.38   data arrival time
---------------------------------------------------------
          -1.50   slack (VIOLATED)


Startpoint: _1214_ (rising edge-triggered flip-flop clocked by clk)
Endpoint: id_top/_12158_ (rising edge-triggered flip-flop clocked by clk')
Path Group: clk
Path Type: max

  Delay    Time   Description
---------------------------------------------------------
   0.00    0.00   clock clk (rise edge)
   0.00    0.00   clock network delay (ideal)
   0.00    0.00 ^ _1214_/CK (DFFRX4)
   1.32    1.32 ^ _1214_/Q (DFFRX4)
   0.25    1.57 v id_top/_06598_/Y (CLKINVX4)
   2.41    3.98 ^ id_top/_07007_/Y (NOR3X4)
   0.82    4.79 v id_top/_07008_/Y (CLKINVX4)
   0.98    5.78 ^ id_top/_07679_/Y (NOR3X4)
   0.60    6.38 ^ id_top/_07688_/Y (CLKMX2X2)
   0.00    6.38 ^ id_top/_12158_/D (DFFRX4)
           6.38   data arrival time

   5.00    5.00   clock clk' (rise edge)
   0.00    5.00   clock network delay (ideal)
  -0.15    4.85   clock uncertainty
   0.00    4.85   clock reconvergence pessimism
           4.85 ^ id_top/_12158_/CK (DFFRX4)
   0.03    4.88   library setup time
           4.88   data required time
---------------------------------------------------------
           4.88   data required time
          -6.38   data arrival time
---------------------------------------------------------
          -1.50   slack (VIOLATED)


Startpoint: _1214_ (rising edge-triggered flip-flop clocked by clk)
Endpoint: id_top/_12159_ (rising edge-triggered flip-flop clocked by clk')
Path Group: clk
Path Type: max

  Delay    Time   Description
---------------------------------------------------------
   0.00    0.00   clock clk (rise edge)
   0.00    0.00   clock network delay (ideal)
   0.00    0.00 ^ _1214_/CK (DFFRX4)
   1.32    1.32 ^ _1214_/Q (DFFRX4)
   0.25    1.57 v id_top/_06598_/Y (CLKINVX4)
   2.41    3.98 ^ id_top/_07007_/Y (NOR3X4)
   0.82    4.79 v id_top/_07008_/Y (CLKINVX4)
   0.98    5.78 ^ id_top/_07679_/Y (NOR3X4)
   0.60    6.38 ^ id_top/_07689_/Y (CLKMX2X2)
   0.00    6.38 ^ id_top/_12159_/D (DFFRX4)
           6.38   data arrival time

   5.00    5.00   clock clk' (rise edge)
   0.00    5.00   clock network delay (ideal)
  -0.15    4.85   clock uncertainty
   0.00    4.85   clock reconvergence pessimism
           4.85 ^ id_top/_12159_/CK (DFFRX4)
   0.03    4.88   library setup time
           4.88   data required time
---------------------------------------------------------
           4.88   data required time
          -6.38   data arrival time
---------------------------------------------------------
          -1.50   slack (VIOLATED)


Startpoint: _1214_ (rising edge-triggered flip-flop clocked by clk)
Endpoint: id_top/_12160_ (rising edge-triggered flip-flop clocked by clk')
Path Group: clk
Path Type: max

  Delay    Time   Description
---------------------------------------------------------
   0.00    0.00   clock clk (rise edge)
   0.00    0.00   clock network delay (ideal)
   0.00    0.00 ^ _1214_/CK (DFFRX4)
   1.32    1.32 ^ _1214_/Q (DFFRX4)
   0.25    1.57 v id_top/_06598_/Y (CLKINVX4)
   2.41    3.98 ^ id_top/_07007_/Y (NOR3X4)
   0.82    4.79 v id_top/_07008_/Y (CLKINVX4)
   0.98    5.78 ^ id_top/_07679_/Y (NOR3X4)
   0.60    6.38 ^ id_top/_07690_/Y (CLKMX2X2)
   0.00    6.38 ^ id_top/_12160_/D (DFFRX4)
           6.38   data arrival time

   5.00    5.00   clock clk' (rise edge)
   0.00    5.00   clock network delay (ideal)
  -0.15    4.85   clock uncertainty
   0.00    4.85   clock reconvergence pessimism
           4.85 ^ id_top/_12160_/CK (DFFRX4)
   0.03    4.88   library setup time
           4.88   data required time
---------------------------------------------------------
           4.88   data required time
          -6.38   data arrival time
---------------------------------------------------------
          -1.50   slack (VIOLATED)


Startpoint: _1214_ (rising edge-triggered flip-flop clocked by clk)
Endpoint: id_top/_12161_ (rising edge-triggered flip-flop clocked by clk')
Path Group: clk
Path Type: max

  Delay    Time   Description
---------------------------------------------------------
   0.00    0.00   clock clk (rise edge)
   0.00    0.00   clock network delay (ideal)
   0.00    0.00 ^ _1214_/CK (DFFRX4)
   1.32    1.32 ^ _1214_/Q (DFFRX4)
   0.25    1.57 v id_top/_06598_/Y (CLKINVX4)
   2.41    3.98 ^ id_top/_07007_/Y (NOR3X4)
   0.82    4.79 v id_top/_07008_/Y (CLKINVX4)
   0.98    5.78 ^ id_top/_07679_/Y (NOR3X4)
   0.60    6.38 ^ id_top/_07691_/Y (CLKMX2X2)
   0.00    6.38 ^ id_top/_12161_/D (DFFRX4)
           6.38   data arrival time

   5.00    5.00   clock clk' (rise edge)
   0.00    5.00   clock network delay (ideal)
  -0.15    4.85   clock uncertainty
   0.00    4.85   clock reconvergence pessimism
           4.85 ^ id_top/_12161_/CK (DFFRX4)
   0.03    4.88   library setup time
           4.88   data required time
---------------------------------------------------------
           4.88   data required time
          -6.38   data arrival time
---------------------------------------------------------
          -1.50   slack (VIOLATED)


